0 info it worked if it ends with ok
1 verbose cli [ '/home/santanu/.nvm/versions/node/v6.12.3/bin/node',
1 verbose cli   '/home/santanu/.nvm/versions/node/v6.12.3/bin/npm',
1 verbose cli   'start' ]
2 info using npm@3.10.10
3 info using node@v6.12.3
4 verbose run-script [ 'prestart', 'start', 'poststart' ]
5 info lifecycle meantodos@1.0.0~prestart: meantodos@1.0.0
6 silly lifecycle meantodos@1.0.0~prestart: no script for prestart, continuing
7 info lifecycle meantodos@1.0.0~start: meantodos@1.0.0
8 verbose lifecycle meantodos@1.0.0~start: unsafe-perm in lifecycle true
9 verbose lifecycle meantodos@1.0.0~start: PATH: /home/santanu/.nvm/versions/node/v6.12.3/lib/node_modules/npm/bin/node-gyp-bin:/home/santanu/Desktop/todo list(Santanu)/client/node_modules/.bin:/home/santanu/.nvm/versions/node/v6.12.3/bin:/home/santanu/miniconda3/bin:/home/santanu/bin:/home/santanu/.local/bin:/usr/local/sbin:/usr/local/bin:/usr/sbin:/usr/bin:/sbin:/bin:/usr/games:/usr/local/games:/snap/bin
10 verbose lifecycle meantodos@1.0.0~start: CWD: /home/santanu/Desktop/todo list(Santanu)/client
11 silly lifecycle meantodos@1.0.0~start: Args: [ '-c', 'tsc && concurrently "tsc -w" "lite-server" ' ]
12 silly lifecycle meantodos@1.0.0~start: Returned: code: 2  signal: null
13 info lifecycle meantodos@1.0.0~start: Failed to exec start script
14 verbose stack Error: meantodos@1.0.0 start: `tsc && concurrently "tsc -w" "lite-server" `
14 verbose stack Exit status 2
14 verbose stack     at EventEmitter.<anonymous> (/home/santanu/.nvm/versions/node/v6.12.3/lib/node_modules/npm/lib/utils/lifecycle.js:255:16)
14 verbose stack     at emitTwo (events.js:106:13)
14 verbose stack     at EventEmitter.emit (events.js:191:7)
14 verbose stack     at ChildProcess.<anonymous> (/home/santanu/.nvm/versions/node/v6.12.3/lib/node_modules/npm/lib/utils/spawn.js:40:14)
14 verbose stack     at emitTwo (events.js:106:13)
14 verbose stack     at ChildProcess.emit (events.js:191:7)
14 verbose stack     at maybeClose (internal/child_process.js:920:16)
14 verbose stack     at Process.ChildProcess._handle.onexit (internal/child_process.js:230:5)
15 verbose pkgid meantodos@1.0.0
16 verbose cwd /home/santanu/Desktop/todo list(Santanu)/client
17 error Linux 4.15.0-38-generic
18 error argv "/home/santanu/.nvm/versions/node/v6.12.3/bin/node" "/home/santanu/.nvm/versions/node/v6.12.3/bin/npm" "start"
19 error node v6.12.3
20 error npm  v3.10.10
21 error code ELIFECYCLE
22 error meantodos@1.0.0 start: `tsc && concurrently "tsc -w" "lite-server" `
22 error Exit status 2
23 error Failed at the meantodos@1.0.0 start script 'tsc && concurrently "tsc -w" "lite-server" '.
23 error Make sure you have the latest version of node.js and npm installed.
23 error If you do, this is most likely a problem with the meantodos package,
23 error not with npm itself.
23 error Tell the author that this fails on your system:
23 error     tsc && concurrently "tsc -w" "lite-server"
23 error You can get information on how to open an issue for this project with:
23 error     npm bugs meantodos
23 error Or if that isn't available, you can get their info via:
23 error     npm owner ls meantodos
23 error There is likely additional logging output above.
24 verbose exit [ 1, true ]
